SF:lib/src/domain/entities/user_entity.dart
DA:10,6
DA:18,1
DA:22,1
DA:28,1
DA:29,1
DA:30,1
DA:31,1
DA:32,1
DA:35,0
DA:36,0
DA:37,0
DA:38,0
DA:41,1
DA:42,1
DA:43,5
LF:15
LH:11
end_of_record
SF:lib/src/domain/usecases/authenticate_user.dart
DA:11,2
DA:16,1
DA:17,3
LF:3
LH:3
end_of_record
SF:lib/src/data/usecases/firebase_authenticate_user.dart
DA:8,1
DA:11,1
DA:13,3
DA:14,2
DA:15,2
DA:17,1
LF:6
LH:6
end_of_record
SF:lib/src/data/usecases/firebase_register_user.dart
DA:10,1
DA:15,1
DA:17,3
DA:18,2
DA:19,2
DA:21,1
DA:22,1
DA:23,1
DA:24,1
LF:9
LH:9
end_of_record
SF:lib/src/domain/helpers/domain_errors.dart
DA:1,4
LF:1
LH:1
end_of_record
SF:lib/src/presentation/value_notifier_login_presenter.dart
DA:11,1
DA:33,1
DA:35,2
DA:36,2
DA:37,2
DA:38,2
DA:39,2
DA:40,2
DA:44,1
DA:46,2
DA:47,2
DA:48,2
DA:49,4
DA:50,2
DA:51,2
DA:53,2
DA:56,1
DA:57,2
DA:59,2
DA:64,1
DA:66,2
DA:67,3
DA:70,1
DA:72,2
DA:73,3
DA:76,1
DA:78,2
DA:79,2
DA:80,2
DA:81,2
DA:82,2
DA:83,2
LF:32
LH:32
end_of_record
SF:lib/src/presentation/helpers/ui_state.dart
DA:6,6
DA:10,6
DA:12,0
DA:13,0
DA:17,0
DA:19,0
DA:20,0
DA:24,6
DA:26,0
DA:27,0
DA:31,6
DA:33,0
DA:34,0
DA:38,6
DA:40,0
DA:41,0
LF:16
LH:5
end_of_record
SF:lib/src/presentation/helpers/user_fields.dart
DA:1,3
LF:1
LH:1
end_of_record
SF:lib/src/presentation/value_notifier_register_user_presenter.dart
DA:14,1
DA:30,3
DA:31,7
DA:33,1
DA:35,2
DA:36,3
DA:37,2
DA:38,3
DA:47,1
DA:49,2
DA:50,1
DA:51,2
DA:52,2
DA:53,4
DA:54,2
DA:57,1
DA:58,2
DA:59,1
DA:60,2
DA:62,2
DA:67,1
DA:69,1
DA:70,4
DA:71,6
DA:73,1
DA:74,4
DA:75,6
DA:77,1
DA:78,4
DA:79,6
DA:81,1
DA:82,4
DA:83,6
DA:85,2
DA:88,1
DA:90,2
DA:91,2
DA:92,2
DA:93,2
LF:39
LH:39
end_of_record
SF:lib/src/ui/helpers/show_error_dialog_helper.dart
DA:4,0
DA:5,0
DA:8,0
DA:9,0
LF:4
LH:0
end_of_record
SF:lib/src/ui/helpers/show_success_snackbar.dart
DA:3,0
DA:4,0
DA:5,0
LF:3
LH:0
end_of_record
SF:lib/src/ui/pages/home/home_page.dart
DA:11,2
DA:15,0
DA:17,0
DA:18,0
DA:36,0
DA:38,0
DA:39,0
DA:40,0
DA:41,0
DA:46,0
DA:48,0
DA:51,0
DA:52,0
DA:53,0
DA:55,0
DA:59,0
DA:68,0
DA:69,0
DA:73,0
DA:74,0
DA:77,0
DA:78,0
DA:79,0
DA:80,0
DA:81,0
DA:82,0
DA:87,0
DA:88,0
DA:89,0
DA:95,0
DA:98,0
DA:100,0
DA:102,0
DA:105,0
DA:106,0
DA:107,0
DA:108,0
DA:112,0
DA:115,0
DA:116,0
DA:117,0
DA:120,0
DA:121,0
LF:43
LH:1
end_of_record
SF:lib/src/ui/pages/login/login_page.dart
DA:11,0
DA:14,0
DA:16,0
DA:17,0
DA:22,0
DA:24,0
DA:25,0
DA:28,0
DA:30,0
DA:31,0
DA:34,0
DA:36,0
DA:38,0
DA:39,0
DA:41,0
DA:42,0
DA:44,0
DA:46,0
DA:49,0
DA:51,0
DA:52,0
DA:53,0
DA:55,0
DA:56,0
DA:61,0
DA:63,0
DA:66,0
DA:67,0
DA:68,0
DA:69,0
DA:70,0
DA:71,0
DA:72,0
DA:73,0
DA:74,0
DA:79,0
DA:80,0
DA:84,0
DA:85,0
DA:86,0
DA:87,0
DA:93,0
DA:94,0
DA:104,0
DA:105,0
DA:107,0
DA:109,0
DA:115,0
DA:118,0
DA:119,0
DA:120,0
DA:121,0
DA:123,0
DA:124,0
DA:129,0
LF:55
LH:0
end_of_record
SF:lib/src/ui/pages/register_user/register_user_page.dart
DA:12,0
DA:15,0
DA:17,0
DA:18,0
DA:22,0
DA:24,0
DA:25,0
DA:28,0
DA:30,0
DA:32,0
DA:33,0
DA:34,0
DA:36,0
DA:37,0
DA:39,0
DA:43,0
DA:45,0
DA:46,0
DA:48,0
DA:49,0
DA:50,0
DA:55,0
DA:57,0
DA:60,0
DA:61,0
DA:62,0
DA:63,0
DA:64,0
DA:65,0
DA:66,0
DA:67,0
DA:68,0
DA:71,0
DA:73,0
DA:74,0
DA:77,0
DA:78,0
DA:81,0
DA:83,0
DA:84,0
DA:87,0
DA:88,0
DA:91,0
DA:93,0
DA:94,0
DA:97,0
DA:98,0
DA:101,0
DA:104,0
DA:105,0
DA:115,0
DA:116,0
DA:117,0
DA:118,0
DA:120,0
DA:121,0
DA:126,0
LF:57
LH:0
end_of_record
SF:lib/src/ui/widgets/base_page_widget.dart
DA:12,0
DA:19,0
DA:21,0
DA:22,0
DA:26,0
DA:28,0
DA:29,0
DA:30,0
DA:31,0
DA:33,0
DA:36,0
DA:38,0
DA:39,0
DA:40,0
DA:42,0
DA:43,0
DA:44,0
DA:45,0
DA:46,0
DA:51,0
DA:54,0
LF:21
LH:0
end_of_record
