SF:lib/src/domain/entities/user_entity.dart
DA:10,2
DA:18,0
DA:22,0
DA:28,0
DA:29,0
DA:30,0
DA:31,0
DA:32,0
DA:35,0
DA:36,0
DA:37,0
DA:38,0
DA:41,0
DA:42,0
DA:43,0
LF:15
LH:1
end_of_record
SF:lib/src/data/usecases/firebase_authenticate_user.dart
DA:8,0
DA:11,0
DA:13,0
DA:14,0
DA:15,0
DA:17,0
LF:6
LH:0
end_of_record
SF:lib/src/domain/usecases/authenticate_user.dart
DA:9,0
LF:1
LH:0
end_of_record
SF:lib/src/data/usecases/firebase_register_user.dart
DA:10,1
DA:15,1
DA:17,3
DA:18,2
DA:19,2
DA:21,1
DA:22,1
DA:23,1
DA:24,1
LF:9
LH:9
end_of_record
SF:lib/src/domain/helpers/domain_errors.dart
DA:1,1
LF:1
LH:1
end_of_record
